{"/Users/charlielees/PersonalProjects/QMKDesign/qmkdesign-frontend/eslint.config.js": {"path":"/Users/charlielees/PersonalProjects/QMKDesign/qmkdesign-frontend/eslint.config.js","all":true,"statementMap":{"0":{"start":{"line":1,"column":0},"end":{"line":1,"column":27}},"1":{"start":{"line":2,"column":0},"end":{"line":2,"column":29}},"2":{"start":{"line":3,"column":0},"end":{"line":3,"column":50}},"3":{"start":{"line":4,"column":0},"end":{"line":4,"column":54}},"4":{"start":{"line":5,"column":0},"end":{"line":5,"column":40}},"6":{"start":{"line":7,"column":0},"end":{"line":7,"column":31}},"7":{"start":{"line":8,"column":0},"end":{"line":8,"column":24}},"8":{"start":{"line":9,"column":0},"end":{"line":9,"column":3}},"9":{"start":{"line":10,"column":0},"end":{"line":10,"column":71}},"10":{"start":{"line":11,"column":0},"end":{"line":11,"column":29}},"11":{"start":{"line":12,"column":0},"end":{"line":12,"column":22}},"12":{"start":{"line":13,"column":0},"end":{"line":13,"column":24}},"13":{"start":{"line":14,"column":0},"end":{"line":14,"column":31}},"14":{"start":{"line":15,"column":0},"end":{"line":15,"column":6}},"15":{"start":{"line":16,"column":0},"end":{"line":16,"column":14}},"16":{"start":{"line":17,"column":0},"end":{"line":17,"column":32}},"17":{"start":{"line":18,"column":0},"end":{"line":18,"column":36}},"18":{"start":{"line":19,"column":0},"end":{"line":19,"column":6}},"19":{"start":{"line":20,"column":0},"end":{"line":20,"column":12}},"20":{"start":{"line":21,"column":0},"end":{"line":21,"column":46}},"21":{"start":{"line":22,"column":0},"end":{"line":22,"column":47}},"22":{"start":{"line":23,"column":0},"end":{"line":23,"column":15}},"23":{"start":{"line":24,"column":0},"end":{"line":24,"column":38}},"24":{"start":{"line":25,"column":0},"end":{"line":25,"column":8}},"25":{"start":{"line":26,"column":0},"end":{"line":26,"column":6}},"26":{"start":{"line":27,"column":0},"end":{"line":27,"column":4}},"27":{"start":{"line":28,"column":0},"end":{"line":28,"column":1}}},"s":{"0":0,"1":0,"2":0,"3":0,"4":0,"6":0,"7":0,"8":0,"9":0,"10":0,"11":0,"12":0,"13":0,"14":0,"15":0,"16":0,"17":0,"18":0,"19":0,"20":0,"21":0,"22":0,"23":0,"24":0,"25":0,"26":0,"27":0},"branchMap":{"0":{"type":"branch","line":1,"loc":{"start":{"line":1,"column":733},"end":{"line":28,"column":1}},"locations":[{"start":{"line":1,"column":733},"end":{"line":28,"column":1}}]}},"b":{"0":[0]},"fnMap":{"0":{"name":"(empty-report)","decl":{"start":{"line":1,"column":733},"end":{"line":28,"column":1}},"loc":{"start":{"line":1,"column":733},"end":{"line":28,"column":1}},"line":1}},"f":{"0":0}}
,"/Users/charlielees/PersonalProjects/QMKDesign/qmkdesign-frontend/src/App.tsx": {"path":"/Users/charlielees/PersonalProjects/QMKDesign/qmkdesign-frontend/src/App.tsx","all":true,"statementMap":{"0":{"start":{"line":1,"column":0},"end":{"line":1,"column":44}},"1":{"start":{"line":2,"column":0},"end":{"line":2,"column":78}},"2":{"start":{"line":3,"column":0},"end":{"line":3,"column":26}},"3":{"start":{"line":4,"column":0},"end":{"line":4,"column":42}},"4":{"start":{"line":5,"column":0},"end":{"line":5,"column":42}},"5":{"start":{"line":6,"column":0},"end":{"line":6,"column":38}},"6":{"start":{"line":7,"column":0},"end":{"line":7,"column":44}},"7":{"start":{"line":8,"column":0},"end":{"line":8,"column":19}},"10":{"start":{"line":11,"column":0},"end":{"line":11,"column":31}},"11":{"start":{"line":12,"column":0},"end":{"line":12,"column":65}},"12":{"start":{"line":13,"column":0},"end":{"line":13,"column":24}},"13":{"start":{"line":14,"column":0},"end":{"line":14,"column":9}},"14":{"start":{"line":15,"column":0},"end":{"line":15,"column":70}},"15":{"start":{"line":16,"column":0},"end":{"line":16,"column":64}},"16":{"start":{"line":17,"column":0},"end":{"line":17,"column":47}},"17":{"start":{"line":18,"column":0},"end":{"line":18,"column":16}},"18":{"start":{"line":19,"column":0},"end":{"line":19,"column":44}},"19":{"start":{"line":20,"column":0},"end":{"line":20,"column":50}},"20":{"start":{"line":21,"column":0},"end":{"line":21,"column":37}},"21":{"start":{"line":22,"column":0},"end":{"line":22,"column":10}},"22":{"start":{"line":23,"column":0},"end":{"line":23,"column":7}},"23":{"start":{"line":24,"column":0},"end":{"line":24,"column":21}},"24":{"start":{"line":25,"column":0},"end":{"line":25,"column":56}},"25":{"start":{"line":26,"column":0},"end":{"line":26,"column":5}},"26":{"start":{"line":27,"column":0},"end":{"line":27,"column":3}},"28":{"start":{"line":29,"column":0},"end":{"line":29,"column":24}},"29":{"start":{"line":30,"column":0},"end":{"line":30,"column":25}},"30":{"start":{"line":31,"column":0},"end":{"line":31,"column":10}},"31":{"start":{"line":32,"column":0},"end":{"line":32,"column":22}},"32":{"start":{"line":33,"column":0},"end":{"line":33,"column":25}},"33":{"start":{"line":34,"column":0},"end":{"line":34,"column":13}},"34":{"start":{"line":35,"column":0},"end":{"line":35,"column":24}},"35":{"start":{"line":36,"column":0},"end":{"line":36,"column":17}},"36":{"start":{"line":37,"column":0},"end":{"line":37,"column":64}},"38":{"start":{"line":39,"column":0},"end":{"line":39,"column":4}},"39":{"start":{"line":40,"column":0},"end":{"line":40,"column":2}},"41":{"start":{"line":42,"column":0},"end":{"line":42,"column":16}},"42":{"start":{"line":43,"column":0},"end":{"line":43,"column":51}},"44":{"start":{"line":45,"column":0},"end":{"line":45,"column":54}},"45":{"start":{"line":46,"column":0},"end":{"line":46,"column":63}},"46":{"start":{"line":47,"column":0},"end":{"line":47,"column":62}},"47":{"start":{"line":48,"column":0},"end":{"line":48,"column":24}},"50":{"start":{"line":51,"column":0},"end":{"line":51,"column":58}},"51":{"start":{"line":52,"column":0},"end":{"line":52,"column":50}},"54":{"start":{"line":55,"column":0},"end":{"line":55,"column":18}},"55":{"start":{"line":56,"column":0},"end":{"line":56,"column":50}},"56":{"start":{"line":57,"column":0},"end":{"line":57,"column":72}},"57":{"start":{"line":58,"column":0},"end":{"line":58,"column":23}},"60":{"start":{"line":61,"column":0},"end":{"line":61,"column":19}},"61":{"start":{"line":62,"column":0},"end":{"line":62,"column":40}},"62":{"start":{"line":63,"column":0},"end":{"line":63,"column":27}},"64":{"start":{"line":65,"column":0},"end":{"line":65,"column":19}},"65":{"start":{"line":66,"column":0},"end":{"line":66,"column":31}},"66":{"start":{"line":67,"column":0},"end":{"line":67,"column":53}},"67":{"start":{"line":68,"column":0},"end":{"line":68,"column":40}},"68":{"start":{"line":69,"column":0},"end":{"line":69,"column":43}},"69":{"start":{"line":70,"column":0},"end":{"line":70,"column":23}},"70":{"start":{"line":71,"column":0},"end":{"line":71,"column":7}},"71":{"start":{"line":72,"column":0},"end":{"line":72,"column":21}},"73":{"start":{"line":74,"column":0},"end":{"line":74,"column":40}},"74":{"start":{"line":75,"column":0},"end":{"line":75,"column":42}},"75":{"start":{"line":76,"column":0},"end":{"line":76,"column":21}},"76":{"start":{"line":77,"column":0},"end":{"line":77,"column":45}},"77":{"start":{"line":78,"column":0},"end":{"line":78,"column":19}},"78":{"start":{"line":79,"column":0},"end":{"line":79,"column":13}},"79":{"start":{"line":80,"column":0},"end":{"line":80,"column":16}},"80":{"start":{"line":81,"column":0},"end":{"line":81,"column":8}},"81":{"start":{"line":82,"column":0},"end":{"line":82,"column":13}},"82":{"start":{"line":83,"column":0},"end":{"line":83,"column":6}},"84":{"start":{"line":85,"column":0},"end":{"line":85,"column":61}},"86":{"start":{"line":87,"column":0},"end":{"line":87,"column":9}},"87":{"start":{"line":88,"column":0},"end":{"line":88,"column":57}},"88":{"start":{"line":89,"column":0},"end":{"line":89,"column":48}},"89":{"start":{"line":90,"column":0},"end":{"line":90,"column":21}},"90":{"start":{"line":91,"column":0},"end":{"line":91,"column":69}},"91":{"start":{"line":92,"column":0},"end":{"line":92,"column":64}},"92":{"start":{"line":93,"column":0},"end":{"line":93,"column":5}},"93":{"start":{"line":94,"column":0},"end":{"line":94,"column":4}},"95":{"start":{"line":96,"column":0},"end":{"line":96,"column":26}},"96":{"start":{"line":97,"column":0},"end":{"line":97,"column":29}},"97":{"start":{"line":98,"column":0},"end":{"line":98,"column":17}},"98":{"start":{"line":99,"column":0},"end":{"line":99,"column":18}},"99":{"start":{"line":100,"column":0},"end":{"line":100,"column":19}},"100":{"start":{"line":101,"column":0},"end":{"line":101,"column":19}},"101":{"start":{"line":102,"column":0},"end":{"line":102,"column":62}},"102":{"start":{"line":103,"column":0},"end":{"line":103,"column":9}},"103":{"start":{"line":104,"column":0},"end":{"line":104,"column":5}},"104":{"start":{"line":105,"column":0},"end":{"line":105,"column":4}},"106":{"start":{"line":107,"column":0},"end":{"line":107,"column":29}},"107":{"start":{"line":108,"column":0},"end":{"line":108,"column":25}},"108":{"start":{"line":109,"column":0},"end":{"line":109,"column":34}},"109":{"start":{"line":110,"column":0},"end":{"line":110,"column":34}},"110":{"start":{"line":111,"column":0},"end":{"line":111,"column":60}},"111":{"start":{"line":112,"column":0},"end":{"line":112,"column":27}},"112":{"start":{"line":113,"column":0},"end":{"line":113,"column":5}},"113":{"start":{"line":114,"column":0},"end":{"line":114,"column":4}},"115":{"start":{"line":116,"column":0},"end":{"line":116,"column":42}},"116":{"start":{"line":117,"column":0},"end":{"line":117,"column":25}},"117":{"start":{"line":118,"column":0},"end":{"line":118,"column":4}},"119":{"start":{"line":120,"column":0},"end":{"line":120,"column":67}},"120":{"start":{"line":121,"column":0},"end":{"line":121,"column":43}},"121":{"start":{"line":122,"column":0},"end":{"line":122,"column":26}},"122":{"start":{"line":123,"column":0},"end":{"line":123,"column":4}},"124":{"start":{"line":125,"column":0},"end":{"line":125,"column":35}},"125":{"start":{"line":126,"column":0},"end":{"line":126,"column":27}},"126":{"start":{"line":127,"column":0},"end":{"line":127,"column":25}},"127":{"start":{"line":128,"column":0},"end":{"line":128,"column":4}},"129":{"start":{"line":130,"column":0},"end":{"line":130,"column":55}},"130":{"start":{"line":131,"column":0},"end":{"line":131,"column":22}},"131":{"start":{"line":132,"column":0},"end":{"line":132,"column":39}},"132":{"start":{"line":133,"column":0},"end":{"line":133,"column":60}},"133":{"start":{"line":134,"column":0},"end":{"line":134,"column":73}},"134":{"start":{"line":135,"column":0},"end":{"line":135,"column":25}},"135":{"start":{"line":136,"column":0},"end":{"line":136,"column":9}},"136":{"start":{"line":137,"column":0},"end":{"line":137,"column":27}},"137":{"start":{"line":138,"column":0},"end":{"line":138,"column":5}},"138":{"start":{"line":139,"column":0},"end":{"line":139,"column":4}},"140":{"start":{"line":141,"column":0},"end":{"line":141,"column":24}},"141":{"start":{"line":142,"column":0},"end":{"line":142,"column":26}},"142":{"start":{"line":143,"column":0},"end":{"line":143,"column":33}},"144":{"start":{"line":145,"column":0},"end":{"line":145,"column":24}},"145":{"start":{"line":146,"column":0},"end":{"line":146,"column":33}},"146":{"start":{"line":147,"column":0},"end":{"line":147,"column":53}},"147":{"start":{"line":148,"column":0},"end":{"line":148,"column":65}},"148":{"start":{"line":149,"column":0},"end":{"line":149,"column":36}},"149":{"start":{"line":150,"column":0},"end":{"line":150,"column":11}},"150":{"start":{"line":151,"column":0},"end":{"line":151,"column":25}},"151":{"start":{"line":152,"column":0},"end":{"line":152,"column":9}},"152":{"start":{"line":153,"column":0},"end":{"line":153,"column":28}},"153":{"start":{"line":154,"column":0},"end":{"line":154,"column":21}},"154":{"start":{"line":155,"column":0},"end":{"line":155,"column":5}},"155":{"start":{"line":156,"column":0},"end":{"line":156,"column":4}},"157":{"start":{"line":158,"column":0},"end":{"line":158,"column":27}},"158":{"start":{"line":159,"column":0},"end":{"line":159,"column":26}},"159":{"start":{"line":160,"column":0},"end":{"line":160,"column":33}},"161":{"start":{"line":162,"column":0},"end":{"line":162,"column":23}},"162":{"start":{"line":163,"column":0},"end":{"line":163,"column":33}},"163":{"start":{"line":164,"column":0},"end":{"line":164,"column":53}},"164":{"start":{"line":165,"column":0},"end":{"line":165,"column":41}},"165":{"start":{"line":166,"column":0},"end":{"line":166,"column":11}},"166":{"start":{"line":167,"column":0},"end":{"line":167,"column":25}},"167":{"start":{"line":168,"column":0},"end":{"line":168,"column":9}},"168":{"start":{"line":169,"column":0},"end":{"line":169,"column":28}},"169":{"start":{"line":170,"column":0},"end":{"line":170,"column":26}},"170":{"start":{"line":171,"column":0},"end":{"line":171,"column":5}},"171":{"start":{"line":172,"column":0},"end":{"line":172,"column":4}},"173":{"start":{"line":174,"column":0},"end":{"line":174,"column":27}},"174":{"start":{"line":175,"column":0},"end":{"line":175,"column":29}},"175":{"start":{"line":176,"column":0},"end":{"line":176,"column":33}},"177":{"start":{"line":178,"column":0},"end":{"line":178,"column":31}},"178":{"start":{"line":179,"column":0},"end":{"line":179,"column":51}},"179":{"start":{"line":180,"column":0},"end":{"line":180,"column":35}},"180":{"start":{"line":181,"column":0},"end":{"line":181,"column":46}},"181":{"start":{"line":182,"column":0},"end":{"line":182,"column":11}},"182":{"start":{"line":183,"column":0},"end":{"line":183,"column":9}},"183":{"start":{"line":184,"column":0},"end":{"line":184,"column":23}},"184":{"start":{"line":185,"column":0},"end":{"line":185,"column":7}},"185":{"start":{"line":186,"column":0},"end":{"line":186,"column":24}},"186":{"start":{"line":187,"column":0},"end":{"line":187,"column":19}},"187":{"start":{"line":188,"column":0},"end":{"line":188,"column":4}},"189":{"start":{"line":190,"column":0},"end":{"line":190,"column":30}},"190":{"start":{"line":191,"column":0},"end":{"line":191,"column":29}},"191":{"start":{"line":192,"column":0},"end":{"line":192,"column":46}},"193":{"start":{"line":194,"column":0},"end":{"line":194,"column":31}},"194":{"start":{"line":195,"column":0},"end":{"line":195,"column":51}},"195":{"start":{"line":196,"column":0},"end":{"line":196,"column":35}},"196":{"start":{"line":197,"column":0},"end":{"line":197,"column":39}},"197":{"start":{"line":198,"column":0},"end":{"line":198,"column":11}},"198":{"start":{"line":199,"column":0},"end":{"line":199,"column":9}},"199":{"start":{"line":200,"column":0},"end":{"line":200,"column":23}},"200":{"start":{"line":201,"column":0},"end":{"line":201,"column":7}},"201":{"start":{"line":202,"column":0},"end":{"line":202,"column":24}},"202":{"start":{"line":203,"column":0},"end":{"line":203,"column":19}},"203":{"start":{"line":204,"column":0},"end":{"line":204,"column":4}},"205":{"start":{"line":206,"column":0},"end":{"line":206,"column":45}},"206":{"start":{"line":207,"column":0},"end":{"line":207,"column":62}},"207":{"start":{"line":208,"column":0},"end":{"line":208,"column":11}},"209":{"start":{"line":210,"column":0},"end":{"line":210,"column":10}},"210":{"start":{"line":211,"column":0},"end":{"line":211,"column":6}},"211":{"start":{"line":212,"column":0},"end":{"line":212,"column":37}},"212":{"start":{"line":213,"column":0},"end":{"line":213,"column":27}},"213":{"start":{"line":214,"column":0},"end":{"line":214,"column":41}},"214":{"start":{"line":215,"column":0},"end":{"line":215,"column":17}},"215":{"start":{"line":216,"column":0},"end":{"line":216,"column":38}},"216":{"start":{"line":217,"column":0},"end":{"line":217,"column":35}},"217":{"start":{"line":218,"column":0},"end":{"line":218,"column":42}},"219":{"start":{"line":220,"column":0},"end":{"line":220,"column":22}},"221":{"start":{"line":222,"column":0},"end":{"line":222,"column":17}},"222":{"start":{"line":223,"column":0},"end":{"line":223,"column":35}},"223":{"start":{"line":224,"column":0},"end":{"line":224,"column":51}},"224":{"start":{"line":225,"column":0},"end":{"line":225,"column":20}},"226":{"start":{"line":227,"column":0},"end":{"line":227,"column":34}},"228":{"start":{"line":229,"column":0},"end":{"line":229,"column":17}},"229":{"start":{"line":230,"column":0},"end":{"line":230,"column":35}},"230":{"start":{"line":231,"column":0},"end":{"line":231,"column":49}},"231":{"start":{"line":232,"column":0},"end":{"line":232,"column":20}},"233":{"start":{"line":234,"column":0},"end":{"line":234,"column":32}},"235":{"start":{"line":236,"column":0},"end":{"line":236,"column":18}},"239":{"start":{"line":240,"column":0},"end":{"line":240,"column":15}},"240":{"start":{"line":241,"column":0},"end":{"line":241,"column":33}},"241":{"start":{"line":242,"column":0},"end":{"line":242,"column":34}},"242":{"start":{"line":243,"column":0},"end":{"line":243,"column":33}},"243":{"start":{"line":244,"column":0},"end":{"line":244,"column":27}},"244":{"start":{"line":245,"column":0},"end":{"line":245,"column":33}},"246":{"start":{"line":247,"column":0},"end":{"line":247,"column":74}},"247":{"start":{"line":248,"column":0},"end":{"line":248,"column":11}},"248":{"start":{"line":249,"column":0},"end":{"line":249,"column":20}},"249":{"start":{"line":250,"column":0},"end":{"line":250,"column":43}},"250":{"start":{"line":251,"column":0},"end":{"line":251,"column":46}},"251":{"start":{"line":252,"column":0},"end":{"line":252,"column":26}},"252":{"start":{"line":253,"column":0},"end":{"line":253,"column":46}},"253":{"start":{"line":254,"column":0},"end":{"line":254,"column":49}},"256":{"start":{"line":257,"column":0},"end":{"line":257,"column":40}},"257":{"start":{"line":258,"column":0},"end":{"line":258,"column":20}},"258":{"start":{"line":259,"column":0},"end":{"line":259,"column":19}},"259":{"start":{"line":260,"column":0},"end":{"line":260,"column":27}},"260":{"start":{"line":261,"column":0},"end":{"line":261,"column":51}},"261":{"start":{"line":262,"column":0},"end":{"line":262,"column":42}},"262":{"start":{"line":263,"column":0},"end":{"line":263,"column":19}},"263":{"start":{"line":264,"column":0},"end":{"line":264,"column":12}},"264":{"start":{"line":265,"column":0},"end":{"line":265,"column":43}},"268":{"start":{"line":269,"column":0},"end":{"line":269,"column":19}},"269":{"start":{"line":270,"column":0},"end":{"line":270,"column":29}},"270":{"start":{"line":271,"column":0},"end":{"line":271,"column":35}},"271":{"start":{"line":272,"column":0},"end":{"line":272,"column":46}},"272":{"start":{"line":273,"column":0},"end":{"line":273,"column":31}},"276":{"start":{"line":277,"column":0},"end":{"line":277,"column":1}},"278":{"start":{"line":279,"column":0},"end":{"line":279,"column":19}}},"s":{"0":0,"1":0,"2":0,"3":0,"4":0,"5":0,"6":0,"7":0,"10":0,"11":0,"12":0,"13":0,"14":0,"15":0,"16":0,"17":0,"18":0,"19":0,"20":0,"21":0,"22":0,"23":0,"24":0,"25":0,"26":0,"28":0,"29":0,"30":0,"31":0,"32":0,"33":0,"34":0,"35":0,"36":0,"38":0,"39":0,"41":0,"42":0,"44":0,"45":0,"46":0,"47":0,"50":0,"51":0,"54":0,"55":0,"56":0,"57":0,"60":0,"61":0,"62":0,"64":0,"65":0,"66":0,"67":0,"68":0,"69":0,"70":0,"71":0,"73":0,"74":0,"75":0,"76":0,"77":0,"78":0,"79":0,"80":0,"81":0,"82":0,"84":0,"86":0,"87":0,"88":0,"89":0,"90":0,"91":0,"92":0,"93":0,"95":0,"96":0,"97":0,"98":0,"99":0,"100":0,"101":0,"102":0,"103":0,"104":0,"106":0,"107":0,"108":0,"109":0,"110":0,"111":0,"112":0,"113":0,"115":0,"116":0,"117":0,"119":0,"120":0,"121":0,"122":0,"124":0,"125":0,"126":0,"127":0,"129":0,"130":0,"131":0,"132":0,"133":0,"134":0,"135":0,"136":0,"137":0,"138":0,"140":0,"141":0,"142":0,"144":0,"145":0,"146":0,"147":0,"148":0,"149":0,"150":0,"151":0,"152":0,"153":0,"154":0,"155":0,"157":0,"158":0,"159":0,"161":0,"162":0,"163":0,"164":0,"165":0,"166":0,"167":0,"168":0,"169":0,"170":0,"171":0,"173":0,"174":0,"175":0,"177":0,"178":0,"179":0,"180":0,"181":0,"182":0,"183":0,"184":0,"185":0,"186":0,"187":0,"189":0,"190":0,"191":0,"193":0,"194":0,"195":0,"196":0,"197":0,"198":0,"199":0,"200":0,"201":0,"202":0,"203":0,"205":0,"206":0,"207":0,"209":0,"210":0,"211":0,"212":0,"213":0,"214":0,"215":0,"216":0,"217":0,"219":0,"221":0,"222":0,"223":0,"224":0,"226":0,"228":0,"229":0,"230":0,"231":0,"233":0,"235":0,"239":0,"240":0,"241":0,"242":0,"243":0,"244":0,"246":0,"247":0,"248":0,"249":0,"250":0,"251":0,"252":0,"253":0,"256":0,"257":0,"258":0,"259":0,"260":0,"261":0,"262":0,"263":0,"264":0,"268":0,"269":0,"270":0,"271":0,"272":0,"276":0,"278":0},"branchMap":{"0":{"type":"branch","line":1,"loc":{"start":{"line":1,"column":7284},"end":{"line":279,"column":19}},"locations":[{"start":{"line":1,"column":7284},"end":{"line":279,"column":19}}]}},"b":{"0":[0]},"fnMap":{"0":{"name":"(empty-report)","decl":{"start":{"line":1,"column":7284},"end":{"line":279,"column":19}},"loc":{"start":{"line":1,"column":7284},"end":{"line":279,"column":19}},"line":1}},"f":{"0":0}}
,"/Users/charlielees/PersonalProjects/QMKDesign/qmkdesign-frontend/src/Auth.tsx": {"path":"/Users/charlielees/PersonalProjects/QMKDesign/qmkdesign-frontend/src/Auth.tsx","all":true,"statementMap":{"0":{"start":{"line":1,"column":0},"end":{"line":1,"column":44}},"1":{"start":{"line":2,"column":0},"end":{"line":2,"column":67}},"2":{"start":{"line":3,"column":0},"end":{"line":3,"column":26}},"3":{"start":{"line":4,"column":0},"end":{"line":4,"column":20}},"11":{"start":{"line":12,"column":0},"end":{"line":12,"column":17}},"12":{"start":{"line":13,"column":0},"end":{"line":13,"column":52}},"13":{"start":{"line":14,"column":0},"end":{"line":14,"column":38}},"15":{"start":{"line":16,"column":0},"end":{"line":16,"column":67}},"16":{"start":{"line":17,"column":0},"end":{"line":17,"column":54}},"18":{"start":{"line":19,"column":0},"end":{"line":19,"column":32}},"19":{"start":{"line":20,"column":0},"end":{"line":20,"column":34}},"20":{"start":{"line":21,"column":0},"end":{"line":21,"column":33}},"21":{"start":{"line":22,"column":0},"end":{"line":22,"column":68}},"22":{"start":{"line":23,"column":0},"end":{"line":23,"column":43}},"23":{"start":{"line":24,"column":0},"end":{"line":24,"column":6}},"24":{"start":{"line":25,"column":0},"end":{"line":25,"column":58}},"25":{"start":{"line":26,"column":0},"end":{"line":26,"column":5}},"27":{"start":{"line":28,"column":0},"end":{"line":28,"column":19}},"28":{"start":{"line":29,"column":0},"end":{"line":29,"column":38}},"29":{"start":{"line":30,"column":0},"end":{"line":30,"column":18}},"30":{"start":{"line":31,"column":0},"end":{"line":31,"column":13}},"31":{"start":{"line":32,"column":0},"end":{"line":32,"column":38}},"32":{"start":{"line":33,"column":0},"end":{"line":33,"column":60}},"33":{"start":{"line":34,"column":0},"end":{"line":34,"column":13}},"34":{"start":{"line":35,"column":0},"end":{"line":35,"column":24}},"35":{"start":{"line":36,"column":0},"end":{"line":36,"column":49}},"36":{"start":{"line":37,"column":0},"end":{"line":37,"column":16}},"37":{"start":{"line":38,"column":0},"end":{"line":38,"column":14}},"39":{"start":{"line":40,"column":0},"end":{"line":40,"column":31}},"40":{"start":{"line":41,"column":0},"end":{"line":41,"column":77}},"41":{"start":{"line":42,"column":0},"end":{"line":42,"column":23}},"42":{"start":{"line":43,"column":0},"end":{"line":43,"column":55}},"43":{"start":{"line":44,"column":0},"end":{"line":44,"column":19}},"44":{"start":{"line":45,"column":0},"end":{"line":45,"column":9}},"45":{"start":{"line":46,"column":0},"end":{"line":46,"column":7}},"46":{"start":{"line":47,"column":0},"end":{"line":47,"column":6}},"48":{"start":{"line":49,"column":0},"end":{"line":49,"column":19}},"49":{"start":{"line":50,"column":0},"end":{"line":50,"column":14}},"51":{"start":{"line":52,"column":0},"end":{"line":52,"column":24}},"52":{"start":{"line":53,"column":0},"end":{"line":53,"column":19}},"53":{"start":{"line":54,"column":0},"end":{"line":54,"column":41}},"54":{"start":{"line":55,"column":0},"end":{"line":55,"column":19}},"55":{"start":{"line":56,"column":0},"end":{"line":56,"column":21}},"56":{"start":{"line":57,"column":0},"end":{"line":57,"column":25}},"57":{"start":{"line":58,"column":0},"end":{"line":58,"column":4}},"59":{"start":{"line":60,"column":0},"end":{"line":60,"column":34}},"60":{"start":{"line":61,"column":0},"end":{"line":61,"column":24}},"61":{"start":{"line":62,"column":0},"end":{"line":62,"column":4}},"63":{"start":{"line":64,"column":0},"end":{"line":64,"column":48}},"64":{"start":{"line":65,"column":0},"end":{"line":65,"column":41}},"65":{"start":{"line":66,"column":0},"end":{"line":66,"column":15}},"66":{"start":{"line":67,"column":0},"end":{"line":67,"column":17}},"67":{"start":{"line":68,"column":0},"end":{"line":68,"column":27}},"68":{"start":{"line":69,"column":0},"end":{"line":69,"column":15}},"69":{"start":{"line":70,"column":0},"end":{"line":70,"column":20}},"70":{"start":{"line":71,"column":0},"end":{"line":71,"column":19}},"71":{"start":{"line":72,"column":0},"end":{"line":72,"column":4}},"73":{"start":{"line":74,"column":0},"end":{"line":74,"column":10}},"74":{"start":{"line":75,"column":0},"end":{"line":75,"column":36}},"75":{"start":{"line":76,"column":0},"end":{"line":76,"column":18}},"76":{"start":{"line":77,"column":0},"end":{"line":77,"column":43}},"77":{"start":{"line":78,"column":0},"end":{"line":78,"column":26}},"78":{"start":{"line":79,"column":0},"end":{"line":79,"column":16}},"79":{"start":{"line":80,"column":0},"end":{"line":80,"column":35}},"80":{"start":{"line":81,"column":0},"end":{"line":81,"column":24}},"81":{"start":{"line":82,"column":0},"end":{"line":82,"column":41}},"82":{"start":{"line":83,"column":0},"end":{"line":83,"column":40}},"85":{"start":{"line":86,"column":0},"end":{"line":86,"column":54}},"86":{"start":{"line":87,"column":0},"end":{"line":87,"column":41}},"89":{"start":{"line":90,"column":0},"end":{"line":90,"column":61}},"94":{"start":{"line":95,"column":0},"end":{"line":95,"column":64}},"100":{"start":{"line":101,"column":0},"end":{"line":101,"column":1}},"102":{"start":{"line":103,"column":0},"end":{"line":103,"column":20}}},"s":{"0":0,"1":0,"2":0,"3":0,"11":0,"12":0,"13":0,"15":0,"16":0,"18":0,"19":0,"20":0,"21":0,"22":0,"23":0,"24":0,"25":0,"27":0,"28":0,"29":0,"30":0,"31":0,"32":0,"33":0,"34":0,"35":0,"36":0,"37":0,"39":0,"40":0,"41":0,"42":0,"43":0,"44":0,"45":0,"46":0,"48":0,"49":0,"51":0,"52":0,"53":0,"54":0,"55":0,"56":0,"57":0,"59":0,"60":0,"61":0,"63":0,"64":0,"65":0,"66":0,"67":0,"68":0,"69":0,"70":0,"71":0,"73":0,"74":0,"75":0,"76":0,"77":0,"78":0,"79":0,"80":0,"81":0,"82":0,"85":0,"86":0,"89":0,"94":0,"100":0,"102":0},"branchMap":{"0":{"type":"branch","line":1,"loc":{"start":{"line":1,"column":2558},"end":{"line":103,"column":20}},"locations":[{"start":{"line":1,"column":2558},"end":{"line":103,"column":20}}]}},"b":{"0":[0]},"fnMap":{"0":{"name":"(empty-report)","decl":{"start":{"line":1,"column":2558},"end":{"line":103,"column":20}},"loc":{"start":{"line":1,"column":2558},"end":{"line":103,"column":20}},"line":1}},"f":{"0":0}}
,"/Users/charlielees/PersonalProjects/QMKDesign/qmkdesign-frontend/src/CustomPrompt.tsx": {"path":"/Users/charlielees/PersonalProjects/QMKDesign/qmkdesign-frontend/src/CustomPrompt.tsx","all":false,"statementMap":{"0":{"start":{"line":1,"column":0},"end":{"line":1,"column":51}},"1":{"start":{"line":2,"column":0},"end":{"line":2,"column":28}},"10":{"start":{"line":11,"column":0},"end":{"line":11,"column":25}},"11":{"start":{"line":12,"column":0},"end":{"line":12,"column":8}},"12":{"start":{"line":13,"column":0},"end":{"line":13,"column":10}},"13":{"start":{"line":14,"column":0},"end":{"line":14,"column":9}},"14":{"start":{"line":15,"column":0},"end":{"line":15,"column":7}},"15":{"start":{"line":16,"column":0},"end":{"line":16,"column":10}},"16":{"start":{"line":17,"column":0},"end":{"line":17,"column":14}},"17":{"start":{"line":18,"column":0},"end":{"line":18,"column":9}},"18":{"start":{"line":19,"column":0},"end":{"line":19,"column":8}},"19":{"start":{"line":20,"column":0},"end":{"line":20,"column":8}},"20":{"start":{"line":21,"column":0},"end":{"line":21,"column":15}},"21":{"start":{"line":22,"column":0},"end":{"line":22,"column":11}},"22":{"start":{"line":23,"column":0},"end":{"line":23,"column":10}},"23":{"start":{"line":24,"column":0},"end":{"line":24,"column":7}},"24":{"start":{"line":25,"column":0},"end":{"line":25,"column":9}},"25":{"start":{"line":26,"column":0},"end":{"line":26,"column":9}},"26":{"start":{"line":27,"column":0},"end":{"line":27,"column":10}},"27":{"start":{"line":28,"column":0},"end":{"line":28,"column":9}},"28":{"start":{"line":29,"column":0},"end":{"line":29,"column":8}},"29":{"start":{"line":30,"column":0},"end":{"line":30,"column":9}},"30":{"start":{"line":31,"column":0},"end":{"line":31,"column":9}},"31":{"start":{"line":32,"column":0},"end":{"line":32,"column":7}},"32":{"start":{"line":33,"column":0},"end":{"line":33,"column":7}},"33":{"start":{"line":34,"column":0},"end":{"line":34,"column":7}},"34":{"start":{"line":35,"column":0},"end":{"line":35,"column":7}},"35":{"start":{"line":36,"column":0},"end":{"line":36,"column":7}},"36":{"start":{"line":37,"column":0},"end":{"line":37,"column":7}},"37":{"start":{"line":38,"column":0},"end":{"line":38,"column":7}},"38":{"start":{"line":39,"column":0},"end":{"line":39,"column":7}},"39":{"start":{"line":40,"column":0},"end":{"line":40,"column":7}},"40":{"start":{"line":41,"column":0},"end":{"line":41,"column":8}},"41":{"start":{"line":42,"column":0},"end":{"line":42,"column":8}},"42":{"start":{"line":43,"column":0},"end":{"line":43,"column":8}},"43":{"start":{"line":44,"column":0},"end":{"line":44,"column":2}},"45":{"start":{"line":46,"column":0},"end":{"line":46,"column":31}},"46":{"start":{"line":47,"column":0},"end":{"line":47,"column":8}},"47":{"start":{"line":48,"column":0},"end":{"line":48,"column":10}},"48":{"start":{"line":49,"column":0},"end":{"line":49,"column":7}},"49":{"start":{"line":50,"column":0},"end":{"line":50,"column":7}},"50":{"start":{"line":51,"column":0},"end":{"line":51,"column":10}},"51":{"start":{"line":52,"column":0},"end":{"line":52,"column":14}},"52":{"start":{"line":53,"column":0},"end":{"line":53,"column":9}},"53":{"start":{"line":54,"column":0},"end":{"line":54,"column":8}},"54":{"start":{"line":55,"column":0},"end":{"line":55,"column":8}},"55":{"start":{"line":56,"column":0},"end":{"line":56,"column":15}},"56":{"start":{"line":57,"column":0},"end":{"line":57,"column":11}},"57":{"start":{"line":58,"column":0},"end":{"line":58,"column":10}},"58":{"start":{"line":59,"column":0},"end":{"line":59,"column":7}},"59":{"start":{"line":60,"column":0},"end":{"line":60,"column":9}},"60":{"start":{"line":61,"column":0},"end":{"line":61,"column":9}},"61":{"start":{"line":62,"column":0},"end":{"line":62,"column":10}},"62":{"start":{"line":63,"column":0},"end":{"line":63,"column":9}},"63":{"start":{"line":64,"column":0},"end":{"line":64,"column":8}},"64":{"start":{"line":65,"column":0},"end":{"line":65,"column":9}},"65":{"start":{"line":66,"column":0},"end":{"line":66,"column":9}},"66":{"start":{"line":67,"column":0},"end":{"line":67,"column":7}},"67":{"start":{"line":68,"column":0},"end":{"line":68,"column":7}},"68":{"start":{"line":69,"column":0},"end":{"line":69,"column":7}},"69":{"start":{"line":70,"column":0},"end":{"line":70,"column":7}},"70":{"start":{"line":71,"column":0},"end":{"line":71,"column":7}},"71":{"start":{"line":72,"column":0},"end":{"line":72,"column":7}},"72":{"start":{"line":73,"column":0},"end":{"line":73,"column":7}},"73":{"start":{"line":74,"column":0},"end":{"line":74,"column":7}},"74":{"start":{"line":75,"column":0},"end":{"line":75,"column":7}},"75":{"start":{"line":76,"column":0},"end":{"line":76,"column":8}},"76":{"start":{"line":77,"column":0},"end":{"line":77,"column":8}},"77":{"start":{"line":78,"column":0},"end":{"line":78,"column":8}},"78":{"start":{"line":79,"column":0},"end":{"line":79,"column":2}},"80":{"start":{"line":81,"column":0},"end":{"line":81,"column":29}},"81":{"start":{"line":82,"column":0},"end":{"line":82,"column":8}},"82":{"start":{"line":83,"column":0},"end":{"line":83,"column":10}},"83":{"start":{"line":84,"column":0},"end":{"line":84,"column":7}},"84":{"start":{"line":85,"column":0},"end":{"line":85,"column":7}},"85":{"start":{"line":86,"column":0},"end":{"line":86,"column":10}},"86":{"start":{"line":87,"column":0},"end":{"line":87,"column":14}},"87":{"start":{"line":88,"column":0},"end":{"line":88,"column":9}},"88":{"start":{"line":89,"column":0},"end":{"line":89,"column":8}},"89":{"start":{"line":90,"column":0},"end":{"line":90,"column":8}},"90":{"start":{"line":91,"column":0},"end":{"line":91,"column":15}},"91":{"start":{"line":92,"column":0},"end":{"line":92,"column":11}},"92":{"start":{"line":93,"column":0},"end":{"line":93,"column":10}},"93":{"start":{"line":94,"column":0},"end":{"line":94,"column":7}},"94":{"start":{"line":95,"column":0},"end":{"line":95,"column":9}},"95":{"start":{"line":96,"column":0},"end":{"line":96,"column":9}},"96":{"start":{"line":97,"column":0},"end":{"line":97,"column":10}},"97":{"start":{"line":98,"column":0},"end":{"line":98,"column":9}},"98":{"start":{"line":99,"column":0},"end":{"line":99,"column":8}},"99":{"start":{"line":100,"column":0},"end":{"line":100,"column":9}},"100":{"start":{"line":101,"column":0},"end":{"line":101,"column":9}},"101":{"start":{"line":102,"column":0},"end":{"line":102,"column":7}},"102":{"start":{"line":103,"column":0},"end":{"line":103,"column":7}},"103":{"start":{"line":104,"column":0},"end":{"line":104,"column":7}},"104":{"start":{"line":105,"column":0},"end":{"line":105,"column":7}},"105":{"start":{"line":106,"column":0},"end":{"line":106,"column":7}},"106":{"start":{"line":107,"column":0},"end":{"line":107,"column":7}},"107":{"start":{"line":108,"column":0},"end":{"line":108,"column":7}},"108":{"start":{"line":109,"column":0},"end":{"line":109,"column":7}},"109":{"start":{"line":110,"column":0},"end":{"line":110,"column":7}},"110":{"start":{"line":111,"column":0},"end":{"line":111,"column":8}},"111":{"start":{"line":112,"column":0},"end":{"line":112,"column":8}},"112":{"start":{"line":113,"column":0},"end":{"line":113,"column":8}},"113":{"start":{"line":114,"column":0},"end":{"line":114,"column":2}},"115":{"start":{"line":116,"column":0},"end":{"line":116,"column":29}},"116":{"start":{"line":117,"column":0},"end":{"line":117,"column":8}},"117":{"start":{"line":118,"column":0},"end":{"line":118,"column":10}},"118":{"start":{"line":119,"column":0},"end":{"line":119,"column":15}},"119":{"start":{"line":120,"column":0},"end":{"line":120,"column":9}},"120":{"start":{"line":121,"column":0},"end":{"line":121,"column":10}},"121":{"start":{"line":122,"column":0},"end":{"line":122,"column":14}},"122":{"start":{"line":123,"column":0},"end":{"line":123,"column":12}},"123":{"start":{"line":124,"column":0},"end":{"line":124,"column":14}},"124":{"start":{"line":125,"column":0},"end":{"line":125,"column":8}},"125":{"start":{"line":126,"column":0},"end":{"line":126,"column":15}},"126":{"start":{"line":127,"column":0},"end":{"line":127,"column":11}},"127":{"start":{"line":128,"column":0},"end":{"line":128,"column":10}},"128":{"start":{"line":129,"column":0},"end":{"line":129,"column":7}},"129":{"start":{"line":130,"column":0},"end":{"line":130,"column":9}},"130":{"start":{"line":131,"column":0},"end":{"line":131,"column":9}},"131":{"start":{"line":132,"column":0},"end":{"line":132,"column":10}},"132":{"start":{"line":133,"column":0},"end":{"line":133,"column":9}},"133":{"start":{"line":134,"column":0},"end":{"line":134,"column":8}},"134":{"start":{"line":135,"column":0},"end":{"line":135,"column":9}},"135":{"start":{"line":136,"column":0},"end":{"line":136,"column":9}},"136":{"start":{"line":137,"column":0},"end":{"line":137,"column":7}},"137":{"start":{"line":138,"column":0},"end":{"line":138,"column":7}},"138":{"start":{"line":139,"column":0},"end":{"line":139,"column":7}},"139":{"start":{"line":140,"column":0},"end":{"line":140,"column":7}},"140":{"start":{"line":141,"column":0},"end":{"line":141,"column":7}},"141":{"start":{"line":142,"column":0},"end":{"line":142,"column":7}},"142":{"start":{"line":143,"column":0},"end":{"line":143,"column":7}},"143":{"start":{"line":144,"column":0},"end":{"line":144,"column":7}},"144":{"start":{"line":145,"column":0},"end":{"line":145,"column":7}},"145":{"start":{"line":146,"column":0},"end":{"line":146,"column":8}},"146":{"start":{"line":147,"column":0},"end":{"line":147,"column":8}},"147":{"start":{"line":148,"column":0},"end":{"line":148,"column":8}},"148":{"start":{"line":149,"column":0},"end":{"line":149,"column":2}},"150":{"start":{"line":151,"column":0},"end":{"line":151,"column":50}},"152":{"start":{"line":153,"column":0},"end":{"line":153,"column":46}},"154":{"start":{"line":155,"column":0},"end":{"line":155,"column":32}},"155":{"start":{"line":156,"column":0},"end":{"line":156,"column":42}},"156":{"start":{"line":157,"column":0},"end":{"line":157,"column":39}},"157":{"start":{"line":158,"column":0},"end":{"line":158,"column":42}},"158":{"start":{"line":159,"column":0},"end":{"line":159,"column":41}},"159":{"start":{"line":160,"column":0},"end":{"line":160,"column":44}},"160":{"start":{"line":161,"column":0},"end":{"line":161,"column":1}},"162":{"start":{"line":163,"column":0},"end":{"line":163,"column":52}},"163":{"start":{"line":164,"column":0},"end":{"line":164,"column":9}},"164":{"start":{"line":165,"column":0},"end":{"line":165,"column":10}},"165":{"start":{"line":166,"column":0},"end":{"line":166,"column":15}},"166":{"start":{"line":167,"column":0},"end":{"line":167,"column":9}},"167":{"start":{"line":168,"column":0},"end":{"line":168,"column":7}},"168":{"start":{"line":169,"column":0},"end":{"line":169,"column":49}},"169":{"start":{"line":170,"column":0},"end":{"line":170,"column":70}},"171":{"start":{"line":172,"column":0},"end":{"line":172,"column":78}},"172":{"start":{"line":173,"column":0},"end":{"line":173,"column":19}},"173":{"start":{"line":174,"column":0},"end":{"line":174,"column":17}},"174":{"start":{"line":175,"column":0},"end":{"line":175,"column":69}},"175":{"start":{"line":176,"column":0},"end":{"line":176,"column":37}},"176":{"start":{"line":177,"column":0},"end":{"line":177,"column":21}},"177":{"start":{"line":178,"column":0},"end":{"line":178,"column":61}},"178":{"start":{"line":179,"column":0},"end":{"line":179,"column":31}},"179":{"start":{"line":180,"column":0},"end":{"line":180,"column":29}},"180":{"start":{"line":181,"column":0},"end":{"line":181,"column":14}},"181":{"start":{"line":182,"column":0},"end":{"line":182,"column":81}},"182":{"start":{"line":183,"column":0},"end":{"line":183,"column":21}},"183":{"start":{"line":184,"column":0},"end":{"line":184,"column":29}},"184":{"start":{"line":185,"column":0},"end":{"line":185,"column":7}},"185":{"start":{"line":186,"column":0},"end":{"line":186,"column":5}},"186":{"start":{"line":187,"column":0},"end":{"line":187,"column":29}},"188":{"start":{"line":189,"column":0},"end":{"line":189,"column":50}},"189":{"start":{"line":190,"column":0},"end":{"line":190,"column":16}},"190":{"start":{"line":191,"column":0},"end":{"line":191,"column":16}},"191":{"start":{"line":192,"column":0},"end":{"line":192,"column":3}},"193":{"start":{"line":194,"column":0},"end":{"line":194,"column":18}},"195":{"start":{"line":196,"column":0},"end":{"line":196,"column":37}},"196":{"start":{"line":197,"column":0},"end":{"line":197,"column":34}},"197":{"start":{"line":198,"column":0},"end":{"line":198,"column":47}},"199":{"start":{"line":200,"column":0},"end":{"line":200,"column":37}},"200":{"start":{"line":201,"column":0},"end":{"line":201,"column":28}},"201":{"start":{"line":202,"column":0},"end":{"line":202,"column":31}},"202":{"start":{"line":203,"column":0},"end":{"line":203,"column":36}},"203":{"start":{"line":204,"column":0},"end":{"line":204,"column":72}},"204":{"start":{"line":205,"column":0},"end":{"line":205,"column":5}},"205":{"start":{"line":206,"column":0},"end":{"line":206,"column":4}},"207":{"start":{"line":208,"column":0},"end":{"line":208,"column":54}},"208":{"start":{"line":209,"column":0},"end":{"line":209,"column":16}},"209":{"start":{"line":210,"column":0},"end":{"line":210,"column":14}},"210":{"start":{"line":211,"column":0},"end":{"line":211,"column":4}},"212":{"start":{"line":213,"column":0},"end":{"line":213,"column":28}},"213":{"start":{"line":214,"column":0},"end":{"line":214,"column":51}},"214":{"start":{"line":215,"column":0},"end":{"line":215,"column":69}},"215":{"start":{"line":216,"column":0},"end":{"line":216,"column":26}},"216":{"start":{"line":217,"column":0},"end":{"line":217,"column":49}},"217":{"start":{"line":218,"column":0},"end":{"line":218,"column":5}},"218":{"start":{"line":219,"column":0},"end":{"line":219,"column":4}},"220":{"start":{"line":221,"column":0},"end":{"line":221,"column":29}},"221":{"start":{"line":222,"column":0},"end":{"line":222,"column":31}},"222":{"start":{"line":223,"column":0},"end":{"line":223,"column":47}},"223":{"start":{"line":224,"column":0},"end":{"line":224,"column":4}},"225":{"start":{"line":226,"column":0},"end":{"line":226,"column":38}},"226":{"start":{"line":227,"column":0},"end":{"line":227,"column":28}},"227":{"start":{"line":228,"column":0},"end":{"line":228,"column":17}},"228":{"start":{"line":229,"column":0},"end":{"line":229,"column":14}},"229":{"start":{"line":230,"column":0},"end":{"line":230,"column":4}},"231":{"start":{"line":232,"column":0},"end":{"line":232,"column":10}},"232":{"start":{"line":233,"column":0},"end":{"line":233,"column":54}},"233":{"start":{"line":234,"column":0},"end":{"line":234,"column":73}},"234":{"start":{"line":235,"column":0},"end":{"line":235,"column":13}},"236":{"start":{"line":237,"column":0},"end":{"line":237,"column":39}},"237":{"start":{"line":238,"column":0},"end":{"line":238,"column":28}},"238":{"start":{"line":239,"column":0},"end":{"line":239,"column":61}},"242":{"start":{"line":243,"column":0},"end":{"line":243,"column":37}},"243":{"start":{"line":244,"column":0},"end":{"line":244,"column":41}},"244":{"start":{"line":245,"column":0},"end":{"line":245,"column":18}},"245":{"start":{"line":246,"column":0},"end":{"line":246,"column":25}},"246":{"start":{"line":247,"column":0},"end":{"line":247,"column":27}},"247":{"start":{"line":248,"column":0},"end":{"line":248,"column":47}},"248":{"start":{"line":249,"column":0},"end":{"line":249,"column":27}},"249":{"start":{"line":250,"column":0},"end":{"line":250,"column":44}},"251":{"start":{"line":252,"column":0},"end":{"line":252,"column":57}},"252":{"start":{"line":253,"column":0},"end":{"line":253,"column":56}},"254":{"start":{"line":255,"column":0},"end":{"line":255,"column":54}},"256":{"start":{"line":257,"column":0},"end":{"line":257,"column":53}},"257":{"start":{"line":258,"column":0},"end":{"line":258,"column":38}},"258":{"start":{"line":259,"column":0},"end":{"line":259,"column":52}},"259":{"start":{"line":260,"column":0},"end":{"line":260,"column":45}},"260":{"start":{"line":261,"column":0},"end":{"line":261,"column":23}},"261":{"start":{"line":262,"column":0},"end":{"line":262,"column":27}},"262":{"start":{"line":263,"column":0},"end":{"line":263,"column":67}},"263":{"start":{"line":264,"column":0},"end":{"line":264,"column":64}},"265":{"start":{"line":266,"column":0},"end":{"line":266,"column":23}},"274":{"start":{"line":275,"column":0},"end":{"line":275,"column":2}},"276":{"start":{"line":277,"column":0},"end":{"line":277,"column":28}}},"s":{"0":1,"1":1,"10":1,"11":1,"12":1,"13":1,"14":1,"15":1,"16":1,"17":1,"18":1,"19":1,"20":1,"21":1,"22":1,"23":1,"24":1,"25":1,"26":1,"27":1,"28":1,"29":1,"30":1,"31":1,"32":1,"33":1,"34":1,"35":1,"36":1,"37":1,"38":1,"39":1,"40":1,"41":1,"42":1,"43":1,"45":1,"46":1,"47":1,"48":1,"49":1,"50":1,"51":1,"52":1,"53":1,"54":1,"55":1,"56":1,"57":1,"58":1,"59":1,"60":1,"61":1,"62":1,"63":1,"64":1,"65":1,"66":1,"67":1,"68":1,"69":1,"70":1,"71":1,"72":1,"73":1,"74":1,"75":1,"76":1,"77":1,"78":1,"80":1,"81":1,"82":1,"83":1,"84":1,"85":1,"86":1,"87":1,"88":1,"89":1,"90":1,"91":1,"92":1,"93":1,"94":1,"95":1,"96":1,"97":1,"98":1,"99":1,"100":1,"101":1,"102":1,"103":1,"104":1,"105":1,"106":1,"107":1,"108":1,"109":1,"110":1,"111":1,"112":1,"113":1,"115":1,"116":1,"117":1,"118":1,"119":1,"120":1,"121":1,"122":1,"123":1,"124":1,"125":1,"126":1,"127":1,"128":1,"129":1,"130":1,"131":1,"132":1,"133":1,"134":1,"135":1,"136":1,"137":1,"138":1,"139":1,"140":1,"141":1,"142":1,"143":1,"144":1,"145":1,"146":1,"147":1,"148":1,"150":1,"152":1,"154":1,"155":0,"156":1,"157":0,"158":1,"159":0,"160":0,"162":1,"163":34,"164":34,"165":34,"166":34,"167":34,"168":34,"169":34,"171":34,"172":34,"173":17,"174":16,"175":1,"176":1,"177":16,"178":9,"179":9,"180":15,"181":6,"182":6,"183":6,"184":6,"185":16,"186":34,"188":34,"189":34,"190":1,"191":1,"193":33,"195":33,"196":33,"197":4,"199":4,"200":4,"201":4,"202":4,"203":4,"204":4,"205":4,"207":33,"208":2,"209":2,"210":2,"212":33,"213":2,"214":1,"215":1,"216":1,"217":1,"218":2,"220":33,"221":1,"222":1,"223":1,"225":33,"226":33,"227":1,"228":1,"229":1,"231":33,"232":33,"233":33,"234":33,"236":33,"237":33,"238":33,"242":33,"243":33,"244":33,"245":33,"246":33,"247":33,"248":33,"249":33,"251":33,"252":33,"254":33,"256":33,"257":33,"258":33,"259":33,"260":33,"261":33,"262":33,"263":33,"265":33,"274":33,"276":1},"branchMap":{"0":{"type":"branch","line":155,"loc":{"start":{"line":155,"column":31},"end":{"line":157,"column":7}},"locations":[{"start":{"line":155,"column":31},"end":{"line":157,"column":7}}]},"1":{"type":"branch","line":157,"loc":{"start":{"line":157,"column":38},"end":{"line":159,"column":7}},"locations":[{"start":{"line":157,"column":38},"end":{"line":159,"column":7}}]},"2":{"type":"branch","line":159,"loc":{"start":{"line":159,"column":40},"end":{"line":161,"column":1}},"locations":[{"start":{"line":159,"column":40},"end":{"line":161,"column":1}}]},"3":{"type":"branch","line":163,"loc":{"start":{"line":163,"column":50},"end":{"line":275,"column":2}},"locations":[{"start":{"line":163,"column":50},"end":{"line":275,"column":2}}]},"4":{"type":"branch","line":190,"loc":{"start":{"line":190,"column":15},"end":{"line":192,"column":3}},"locations":[{"start":{"line":190,"column":15},"end":{"line":192,"column":3}}]},"5":{"type":"branch","line":192,"loc":{"start":{"line":192,"column":2},"end":{"line":275,"column":2}},"locations":[{"start":{"line":192,"column":2},"end":{"line":275,"column":2}}]},"6":{"type":"branch","line":173,"loc":{"start":{"line":173,"column":12},"end":{"line":187,"column":5}},"locations":[{"start":{"line":173,"column":12},"end":{"line":187,"column":5}}]},"7":{"type":"branch","line":174,"loc":{"start":{"line":174,"column":16},"end":{"line":186,"column":5}},"locations":[{"start":{"line":174,"column":16},"end":{"line":186,"column":5}}]},"8":{"type":"branch","line":175,"loc":{"start":{"line":175,"column":10},"end":{"line":175,"column":68}},"locations":[{"start":{"line":175,"column":10},"end":{"line":175,"column":68}}]},"9":{"type":"branch","line":175,"loc":{"start":{"line":175,"column":68},"end":{"line":178,"column":13}},"locations":[{"start":{"line":175,"column":68},"end":{"line":178,"column":13}}]},"10":{"type":"branch","line":178,"loc":{"start":{"line":178,"column":6},"end":{"line":185,"column":7}},"locations":[{"start":{"line":178,"column":6},"end":{"line":185,"column":7}}]},"11":{"type":"branch","line":178,"loc":{"start":{"line":178,"column":17},"end":{"line":178,"column":60}},"locations":[{"start":{"line":178,"column":17},"end":{"line":178,"column":60}}]},"12":{"type":"branch","line":178,"loc":{"start":{"line":178,"column":60},"end":{"line":181,"column":13}},"locations":[{"start":{"line":178,"column":60},"end":{"line":181,"column":13}}]},"13":{"type":"branch","line":181,"loc":{"start":{"line":181,"column":6},"end":{"line":185,"column":7}},"locations":[{"start":{"line":181,"column":6},"end":{"line":185,"column":7}}]},"14":{"type":"branch","line":197,"loc":{"start":{"line":197,"column":33},"end":{"line":206,"column":4}},"locations":[{"start":{"line":197,"column":33},"end":{"line":206,"column":4}}]},"15":{"type":"branch","line":208,"loc":{"start":{"line":208,"column":36},"end":{"line":211,"column":4}},"locations":[{"start":{"line":208,"column":36},"end":{"line":211,"column":4}}]},"16":{"type":"branch","line":213,"loc":{"start":{"line":213,"column":21},"end":{"line":219,"column":4}},"locations":[{"start":{"line":213,"column":21},"end":{"line":219,"column":4}}]},"17":{"type":"branch","line":214,"loc":{"start":{"line":214,"column":50},"end":{"line":218,"column":5}},"locations":[{"start":{"line":214,"column":50},"end":{"line":218,"column":5}}]},"18":{"type":"branch","line":215,"loc":{"start":{"line":215,"column":42},"end":{"line":215,"column":63}},"locations":[{"start":{"line":215,"column":42},"end":{"line":215,"column":63}}]},"19":{"type":"branch","line":221,"loc":{"start":{"line":221,"column":22},"end":{"line":224,"column":4}},"locations":[{"start":{"line":221,"column":22},"end":{"line":224,"column":4}}]},"20":{"type":"branch","line":227,"loc":{"start":{"line":227,"column":21},"end":{"line":230,"column":4}},"locations":[{"start":{"line":227,"column":21},"end":{"line":230,"column":4}}]},"21":{"type":"branch","line":234,"loc":{"start":{"line":234,"column":47},"end":{"line":234,"column":73}},"locations":[{"start":{"line":234,"column":47},"end":{"line":234,"column":73}}]},"22":{"type":"branch","line":263,"loc":{"start":{"line":263,"column":45},"end":{"line":263,"column":64}},"locations":[{"start":{"line":263,"column":45},"end":{"line":263,"column":64}}]},"23":{"type":"branch","line":263,"loc":{"start":{"line":263,"column":51},"end":{"line":263,"column":67}},"locations":[{"start":{"line":263,"column":51},"end":{"line":263,"column":67}}]},"24":{"type":"branch","line":264,"loc":{"start":{"line":264,"column":27},"end":{"line":264,"column":64}},"locations":[{"start":{"line":264,"column":27},"end":{"line":264,"column":64}}]}},"b":{"0":[0],"1":[0],"2":[0],"3":[34],"4":[1],"5":[33],"6":[17],"7":[16],"8":[11],"9":[1],"10":[15],"11":[10],"12":[9],"13":[6],"14":[4],"15":[2],"16":[2],"17":[1],"18":[0],"19":[1],"20":[1],"21":[12],"22":[1],"23":[1055],"24":[2]},"fnMap":{"0":{"name":"CustomPrompt","decl":{"start":{"line":163,"column":50},"end":{"line":275,"column":2}},"loc":{"start":{"line":163,"column":50},"end":{"line":275,"column":2}},"line":163},"1":{"name":"handleTypedInputChange","decl":{"start":{"line":197,"column":33},"end":{"line":206,"column":4}},"loc":{"start":{"line":197,"column":33},"end":{"line":206,"column":4}},"line":197},"2":{"name":"handleNonStandardKeyClick","decl":{"start":{"line":208,"column":36},"end":{"line":211,"column":4}},"loc":{"start":{"line":208,"column":36},"end":{"line":211,"column":4}},"line":208},"3":{"name":"handleSave","decl":{"start":{"line":213,"column":21},"end":{"line":219,"column":4}},"loc":{"start":{"line":213,"column":21},"end":{"line":219,"column":4}},"line":213},"4":{"name":"handleClear","decl":{"start":{"line":221,"column":22},"end":{"line":224,"column":4}},"loc":{"start":{"line":221,"column":22},"end":{"line":224,"column":4}},"line":221},"5":{"name":"handleSkip","decl":{"start":{"line":227,"column":21},"end":{"line":230,"column":4}},"loc":{"start":{"line":227,"column":21},"end":{"line":230,"column":4}},"line":227},"6":{"name":"onClick","decl":{"start":{"line":234,"column":47},"end":{"line":234,"column":73}},"loc":{"start":{"line":234,"column":47},"end":{"line":234,"column":73}},"line":234},"7":{"name":"onClick","decl":{"start":{"line":264,"column":27},"end":{"line":264,"column":64}},"loc":{"start":{"line":264,"column":27},"end":{"line":264,"column":64}},"line":264}},"f":{"0":34,"1":4,"2":2,"3":2,"4":1,"5":1,"6":12,"7":2}}
,"/Users/charlielees/PersonalProjects/QMKDesign/qmkdesign-frontend/src/KeyboardGrid.tsx": {"path":"/Users/charlielees/PersonalProjects/QMKDesign/qmkdesign-frontend/src/KeyboardGrid.tsx","all":false,"statementMap":{"0":{"start":{"line":1,"column":0},"end":{"line":1,"column":26}},"1":{"start":{"line":2,"column":0},"end":{"line":2,"column":28}},"8":{"start":{"line":9,"column":0},"end":{"line":9,"column":52}},"9":{"start":{"line":10,"column":0},"end":{"line":10,"column":9}},"10":{"start":{"line":11,"column":0},"end":{"line":11,"column":14}},"11":{"start":{"line":12,"column":0},"end":{"line":12,"column":7}},"12":{"start":{"line":13,"column":0},"end":{"line":13,"column":76}},"14":{"start":{"line":15,"column":0},"end":{"line":15,"column":10}},"15":{"start":{"line":16,"column":0},"end":{"line":16,"column":8}},"16":{"start":{"line":17,"column":0},"end":{"line":17,"column":31}},"17":{"start":{"line":18,"column":0},"end":{"line":18,"column":14}},"18":{"start":{"line":19,"column":0},"end":{"line":19,"column":55}},"19":{"start":{"line":20,"column":0},"end":{"line":20,"column":8}},"21":{"start":{"line":22,"column":0},"end":{"line":22,"column":38}},"22":{"start":{"line":23,"column":0},"end":{"line":23,"column":39}},"23":{"start":{"line":24,"column":0},"end":{"line":24,"column":43}},"24":{"start":{"line":25,"column":0},"end":{"line":25,"column":53}},"25":{"start":{"line":26,"column":0},"end":{"line":26,"column":35}},"26":{"start":{"line":27,"column":0},"end":{"line":27,"column":35}},"27":{"start":{"line":28,"column":0},"end":{"line":28,"column":78}},"28":{"start":{"line":29,"column":0},"end":{"line":29,"column":44}},"29":{"start":{"line":30,"column":0},"end":{"line":30,"column":43}},"30":{"start":{"line":31,"column":0},"end":{"line":31,"column":13}},"32":{"start":{"line":33,"column":0},"end":{"line":33,"column":20}},"33":{"start":{"line":34,"column":0},"end":{"line":34,"column":18}},"34":{"start":{"line":35,"column":0},"end":{"line":35,"column":47}},"35":{"start":{"line":36,"column":0},"end":{"line":36,"column":38}},"36":{"start":{"line":37,"column":0},"end":{"line":37,"column":63}},"38":{"start":{"line":39,"column":0},"end":{"line":39,"column":25}},"41":{"start":{"line":42,"column":0},"end":{"line":42,"column":13}},"46":{"start":{"line":47,"column":0},"end":{"line":47,"column":2}},"48":{"start":{"line":49,"column":0},"end":{"line":49,"column":28}}},"s":{"0":1,"1":1,"8":1,"9":4,"10":4,"11":4,"12":4,"14":4,"15":4,"16":4,"17":4,"18":4,"19":4,"21":4,"22":4,"23":4,"24":48,"25":48,"26":48,"27":4,"28":48,"29":0,"30":0,"32":48,"33":48,"34":48,"35":48,"36":48,"38":48,"41":48,"46":4,"48":1},"branchMap":{"0":{"type":"branch","line":9,"loc":{"start":{"line":9,"column":50},"end":{"line":47,"column":2}},"locations":[{"start":{"line":9,"column":50},"end":{"line":47,"column":2}}]},"1":{"type":"branch","line":13,"loc":{"start":{"line":13,"column":32},"end":{"line":13,"column":73}},"locations":[{"start":{"line":13,"column":32},"end":{"line":13,"column":73}}]},"2":{"type":"branch","line":24,"loc":{"start":{"line":24,"column":19},"end":{"line":42,"column":13}},"locations":[{"start":{"line":24,"column":19},"end":{"line":42,"column":13}}]},"3":{"type":"branch","line":27,"loc":{"start":{"line":27,"column":34},"end":{"line":29,"column":19}},"locations":[{"start":{"line":27,"column":34},"end":{"line":29,"column":19}}]},"4":{"type":"branch","line":29,"loc":{"start":{"line":29,"column":12},"end":{"line":31,"column":13}},"locations":[{"start":{"line":29,"column":12},"end":{"line":31,"column":13}}]},"5":{"type":"branch","line":29,"loc":{"start":{"line":29,"column":43},"end":{"line":31,"column":13}},"locations":[{"start":{"line":29,"column":43},"end":{"line":31,"column":13}}]},"6":{"type":"branch","line":37,"loc":{"start":{"line":37,"column":25},"end":{"line":37,"column":63}},"locations":[{"start":{"line":37,"column":25},"end":{"line":37,"column":63}}]}},"b":{"0":[4],"1":[12],"2":[48],"3":[4],"4":[44],"5":[0],"6":[1]},"fnMap":{"0":{"name":"KeyboardGrid","decl":{"start":{"line":9,"column":50},"end":{"line":47,"column":2}},"loc":{"start":{"line":9,"column":50},"end":{"line":47,"column":2}},"line":9},"1":{"name":"onClick","decl":{"start":{"line":37,"column":25},"end":{"line":37,"column":63}},"loc":{"start":{"line":37,"column":25},"end":{"line":37,"column":63}},"line":37}},"f":{"0":4,"1":1}}
,"/Users/charlielees/PersonalProjects/QMKDesign/qmkdesign-frontend/src/LayerBar.tsx": {"path":"/Users/charlielees/PersonalProjects/QMKDesign/qmkdesign-frontend/src/LayerBar.tsx","all":false,"statementMap":{"0":{"start":{"line":1,"column":0},"end":{"line":1,"column":26}},"1":{"start":{"line":2,"column":0},"end":{"line":2,"column":49}},"2":{"start":{"line":3,"column":0},"end":{"line":3,"column":25}},"12":{"start":{"line":13,"column":0},"end":{"line":13,"column":44}},"13":{"start":{"line":14,"column":0},"end":{"line":14,"column":13}},"14":{"start":{"line":15,"column":0},"end":{"line":15,"column":15}},"15":{"start":{"line":16,"column":0},"end":{"line":16,"column":14}},"16":{"start":{"line":17,"column":0},"end":{"line":17,"column":11}},"17":{"start":{"line":18,"column":0},"end":{"line":18,"column":14}},"18":{"start":{"line":19,"column":0},"end":{"line":19,"column":7}},"19":{"start":{"line":20,"column":0},"end":{"line":20,"column":28}},"20":{"start":{"line":21,"column":0},"end":{"line":21,"column":20}},"21":{"start":{"line":22,"column":0},"end":{"line":22,"column":42}},"22":{"start":{"line":23,"column":0},"end":{"line":23,"column":51}},"23":{"start":{"line":24,"column":0},"end":{"line":24,"column":43}},"25":{"start":{"line":26,"column":0},"end":{"line":26,"column":72}},"26":{"start":{"line":27,"column":0},"end":{"line":27,"column":73}},"28":{"start":{"line":29,"column":0},"end":{"line":29,"column":16}},"29":{"start":{"line":30,"column":0},"end":{"line":30,"column":12}},"30":{"start":{"line":31,"column":0},"end":{"line":31,"column":96}},"31":{"start":{"line":32,"column":0},"end":{"line":32,"column":34}},"32":{"start":{"line":33,"column":0},"end":{"line":33,"column":81}},"34":{"start":{"line":35,"column":0},"end":{"line":35,"column":64}},"35":{"start":{"line":36,"column":0},"end":{"line":36,"column":23}},"38":{"start":{"line":39,"column":0},"end":{"line":39,"column":5}},"39":{"start":{"line":40,"column":0},"end":{"line":40,"column":16}},"40":{"start":{"line":41,"column":0},"end":{"line":41,"column":4}},"42":{"start":{"line":43,"column":0},"end":{"line":43,"column":10}},"43":{"start":{"line":44,"column":0},"end":{"line":44,"column":30}},"44":{"start":{"line":45,"column":0},"end":{"line":45,"column":20}},"45":{"start":{"line":46,"column":0},"end":{"line":46,"column":38}},"46":{"start":{"line":47,"column":0},"end":{"line":47,"column":15}},"47":{"start":{"line":48,"column":0},"end":{"line":48,"column":28}},"48":{"start":{"line":49,"column":0},"end":{"line":49,"column":41}},"49":{"start":{"line":50,"column":0},"end":{"line":50,"column":27}},"50":{"start":{"line":51,"column":0},"end":{"line":51,"column":37}},"52":{"start":{"line":53,"column":0},"end":{"line":53,"column":20}},"54":{"start":{"line":55,"column":0},"end":{"line":55,"column":15}},"55":{"start":{"line":56,"column":0},"end":{"line":56,"column":31}},"56":{"start":{"line":57,"column":0},"end":{"line":57,"column":41}},"57":{"start":{"line":58,"column":0},"end":{"line":58,"column":35}},"58":{"start":{"line":59,"column":0},"end":{"line":59,"column":36}},"60":{"start":{"line":61,"column":0},"end":{"line":61,"column":21}},"65":{"start":{"line":66,"column":0},"end":{"line":66,"column":2}},"67":{"start":{"line":68,"column":0},"end":{"line":68,"column":24}}},"s":{"0":1,"1":1,"2":1,"12":1,"13":12,"14":12,"15":12,"16":12,"17":12,"18":12,"19":12,"20":12,"21":12,"22":43,"23":43,"25":43,"26":43,"28":43,"29":43,"30":43,"31":43,"32":43,"34":43,"35":43,"38":43,"39":43,"40":43,"42":12,"43":12,"44":12,"45":12,"46":12,"47":12,"48":12,"49":12,"50":12,"52":12,"54":12,"55":12,"56":12,"57":12,"58":12,"60":12,"65":12,"67":1},"branchMap":{"0":{"type":"branch","line":13,"loc":{"start":{"line":13,"column":42},"end":{"line":66,"column":2}},"locations":[{"start":{"line":13,"column":42},"end":{"line":66,"column":2}}]},"1":{"type":"branch","line":20,"loc":{"start":{"line":20,"column":21},"end":{"line":41,"column":4}},"locations":[{"start":{"line":20,"column":21},"end":{"line":41,"column":4}}]},"2":{"type":"branch","line":22,"loc":{"start":{"line":22,"column":41},"end":{"line":41,"column":4}},"locations":[{"start":{"line":22,"column":41},"end":{"line":41,"column":4}}]},"3":{"type":"branch","line":27,"loc":{"start":{"line":27,"column":27},"end":{"line":27,"column":61}},"locations":[{"start":{"line":27,"column":27},"end":{"line":27,"column":61}}]},"4":{"type":"branch","line":27,"loc":{"start":{"line":27,"column":39},"end":{"line":27,"column":73}},"locations":[{"start":{"line":27,"column":39},"end":{"line":27,"column":73}}]},"5":{"type":"branch","line":33,"loc":{"start":{"line":33,"column":19},"end":{"line":33,"column":81}},"locations":[{"start":{"line":33,"column":19},"end":{"line":33,"column":81}}]}},"b":{"0":[12],"1":[12],"2":[43],"3":[12],"4":[31],"5":[1]},"fnMap":{"0":{"name":"LayerBar","decl":{"start":{"line":13,"column":42},"end":{"line":66,"column":2}},"loc":{"start":{"line":13,"column":42},"end":{"line":66,"column":2}},"line":13},"1":{"name":"renderTabs","decl":{"start":{"line":20,"column":21},"end":{"line":41,"column":4}},"loc":{"start":{"line":20,"column":21},"end":{"line":41,"column":4}},"line":20},"2":{"name":"onClick","decl":{"start":{"line":33,"column":19},"end":{"line":33,"column":81}},"loc":{"start":{"line":33,"column":19},"end":{"line":33,"column":81}},"line":33}},"f":{"0":12,"1":12,"2":1}}
,"/Users/charlielees/PersonalProjects/QMKDesign/qmkdesign-frontend/src/QMKExporter.tsx": {"path":"/Users/charlielees/PersonalProjects/QMKDesign/qmkdesign-frontend/src/QMKExporter.tsx","all":false,"statementMap":{"0":{"start":{"line":1,"column":0},"end":{"line":1,"column":26}},"2":{"start":{"line":3,"column":0},"end":{"line":3,"column":36}},"3":{"start":{"line":4,"column":0},"end":{"line":4,"column":26}},"27":{"start":{"line":28,"column":0},"end":{"line":28,"column":99}},"28":{"start":{"line":29,"column":0},"end":{"line":29,"column":37}},"29":{"start":{"line":30,"column":0},"end":{"line":30,"column":56}},"30":{"start":{"line":31,"column":0},"end":{"line":31,"column":59}},"32":{"start":{"line":33,"column":0},"end":{"line":33,"column":35}},"33":{"start":{"line":34,"column":0},"end":{"line":34,"column":27}},"34":{"start":{"line":35,"column":0},"end":{"line":35,"column":39}},"35":{"start":{"line":36,"column":0},"end":{"line":36,"column":5}},"37":{"start":{"line":38,"column":0},"end":{"line":38,"column":36}},"38":{"start":{"line":39,"column":0},"end":{"line":39,"column":54}},"39":{"start":{"line":40,"column":0},"end":{"line":40,"column":22}},"40":{"start":{"line":41,"column":0},"end":{"line":41,"column":24}},"41":{"start":{"line":42,"column":0},"end":{"line":42,"column":24}},"42":{"start":{"line":43,"column":0},"end":{"line":43,"column":30}},"43":{"start":{"line":44,"column":0},"end":{"line":44,"column":41}},"44":{"start":{"line":45,"column":0},"end":{"line":45,"column":21}},"45":{"start":{"line":46,"column":0},"end":{"line":46,"column":25}},"46":{"start":{"line":47,"column":0},"end":{"line":47,"column":29}},"47":{"start":{"line":48,"column":0},"end":{"line":48,"column":24}},"48":{"start":{"line":49,"column":0},"end":{"line":49,"column":27}},"49":{"start":{"line":50,"column":0},"end":{"line":50,"column":23}},"50":{"start":{"line":51,"column":0},"end":{"line":51,"column":29}},"51":{"start":{"line":52,"column":0},"end":{"line":52,"column":22}},"52":{"start":{"line":53,"column":0},"end":{"line":53,"column":30}},"53":{"start":{"line":54,"column":0},"end":{"line":54,"column":25}},"54":{"start":{"line":55,"column":0},"end":{"line":55,"column":24}},"55":{"start":{"line":56,"column":0},"end":{"line":56,"column":20}},"56":{"start":{"line":57,"column":0},"end":{"line":57,"column":24}},"57":{"start":{"line":58,"column":0},"end":{"line":58,"column":24}},"58":{"start":{"line":59,"column":0},"end":{"line":59,"column":25}},"59":{"start":{"line":60,"column":0},"end":{"line":60,"column":24}},"60":{"start":{"line":61,"column":0},"end":{"line":61,"column":22}},"61":{"start":{"line":62,"column":0},"end":{"line":62,"column":24}},"62":{"start":{"line":63,"column":0},"end":{"line":63,"column":24}},"63":{"start":{"line":64,"column":0},"end":{"line":64,"column":20}},"64":{"start":{"line":65,"column":0},"end":{"line":65,"column":20}},"65":{"start":{"line":66,"column":0},"end":{"line":66,"column":20}},"66":{"start":{"line":67,"column":0},"end":{"line":67,"column":20}},"67":{"start":{"line":68,"column":0},"end":{"line":68,"column":20}},"68":{"start":{"line":69,"column":0},"end":{"line":69,"column":20}},"69":{"start":{"line":70,"column":0},"end":{"line":70,"column":20}},"70":{"start":{"line":71,"column":0},"end":{"line":71,"column":20}},"71":{"start":{"line":72,"column":0},"end":{"line":72,"column":20}},"72":{"start":{"line":73,"column":0},"end":{"line":73,"column":22}},"73":{"start":{"line":74,"column":0},"end":{"line":74,"column":22}},"74":{"start":{"line":75,"column":0},"end":{"line":75,"column":22}},"75":{"start":{"line":76,"column":0},"end":{"line":76,"column":20}},"76":{"start":{"line":77,"column":0},"end":{"line":77,"column":6}},"78":{"start":{"line":79,"column":0},"end":{"line":79,"column":41}},"79":{"start":{"line":80,"column":0},"end":{"line":80,"column":4}},"81":{"start":{"line":82,"column":0},"end":{"line":82,"column":40}},"82":{"start":{"line":83,"column":0},"end":{"line":83,"column":30}},"84":{"start":{"line":85,"column":0},"end":{"line":85,"column":41}},"87":{"start":{"line":88,"column":0},"end":{"line":88,"column":2}},"89":{"start":{"line":90,"column":0},"end":{"line":90,"column":43}},"90":{"start":{"line":91,"column":0},"end":{"line":91,"column":50}},"92":{"start":{"line":93,"column":0},"end":{"line":93,"column":40}},"93":{"start":{"line":94,"column":0},"end":{"line":94,"column":29}},"94":{"start":{"line":95,"column":0},"end":{"line":95,"column":40}},"95":{"start":{"line":96,"column":0},"end":{"line":96,"column":44}},"96":{"start":{"line":97,"column":0},"end":{"line":97,"column":38}},"97":{"start":{"line":98,"column":0},"end":{"line":98,"column":56}},"98":{"start":{"line":99,"column":0},"end":{"line":99,"column":11}},"99":{"start":{"line":100,"column":0},"end":{"line":100,"column":55}},"100":{"start":{"line":101,"column":0},"end":{"line":101,"column":23}},"101":{"start":{"line":102,"column":0},"end":{"line":102,"column":9}},"103":{"start":{"line":104,"column":0},"end":{"line":104,"column":24}},"104":{"start":{"line":105,"column":0},"end":{"line":105,"column":56}},"105":{"start":{"line":106,"column":0},"end":{"line":106,"column":21}},"106":{"start":{"line":107,"column":0},"end":{"line":107,"column":7}},"108":{"start":{"line":109,"column":0},"end":{"line":109,"column":21}},"110":{"start":{"line":111,"column":0},"end":{"line":111,"column":18}},"111":{"start":{"line":112,"column":0},"end":{"line":112,"column":4}},"113":{"start":{"line":114,"column":0},"end":{"line":114,"column":40}},"114":{"start":{"line":115,"column":0},"end":{"line":115,"column":34}},"116":{"start":{"line":117,"column":0},"end":{"line":117,"column":24}},"119":{"start":{"line":120,"column":0},"end":{"line":120,"column":38}},"120":{"start":{"line":121,"column":0},"end":{"line":121,"column":41}},"137":{"start":{"line":138,"column":0},"end":{"line":138,"column":41}},"138":{"start":{"line":139,"column":0},"end":{"line":139,"column":2}},"139":{"start":{"line":140,"column":0},"end":{"line":140,"column":4}},"141":{"start":{"line":142,"column":0},"end":{"line":142,"column":39}},"142":{"start":{"line":143,"column":0},"end":{"line":143,"column":69}},"158":{"start":{"line":159,"column":0},"end":{"line":159,"column":2}},"159":{"start":{"line":160,"column":0},"end":{"line":160,"column":4}},"161":{"start":{"line":162,"column":0},"end":{"line":162,"column":42}},"162":{"start":{"line":163,"column":0},"end":{"line":163,"column":34}},"164":{"start":{"line":165,"column":0},"end":{"line":165,"column":28}},"165":{"start":{"line":166,"column":0},"end":{"line":166,"column":34}},"166":{"start":{"line":167,"column":0},"end":{"line":167,"column":14}},"167":{"start":{"line":168,"column":0},"end":{"line":168,"column":24}},"168":{"start":{"line":169,"column":0},"end":{"line":169,"column":16}},"169":{"start":{"line":170,"column":0},"end":{"line":170,"column":17}},"170":{"start":{"line":171,"column":0},"end":{"line":171,"column":20}},"171":{"start":{"line":172,"column":0},"end":{"line":172,"column":9}},"172":{"start":{"line":173,"column":0},"end":{"line":173,"column":7}},"173":{"start":{"line":174,"column":0},"end":{"line":174,"column":6}},"175":{"start":{"line":176,"column":0},"end":{"line":176,"column":32}},"176":{"start":{"line":177,"column":0},"end":{"line":177,"column":53}},"177":{"start":{"line":178,"column":0},"end":{"line":178,"column":58}},"178":{"start":{"line":179,"column":0},"end":{"line":179,"column":41}},"179":{"start":{"line":180,"column":0},"end":{"line":180,"column":33}},"180":{"start":{"line":181,"column":0},"end":{"line":181,"column":17}},"181":{"start":{"line":182,"column":0},"end":{"line":182,"column":16}},"182":{"start":{"line":183,"column":0},"end":{"line":183,"column":11}},"183":{"start":{"line":184,"column":0},"end":{"line":184,"column":7}},"184":{"start":{"line":185,"column":0},"end":{"line":185,"column":5}},"186":{"start":{"line":187,"column":0},"end":{"line":187,"column":41}},"187":{"start":{"line":188,"column":0},"end":{"line":188,"column":4}},"189":{"start":{"line":190,"column":0},"end":{"line":190,"column":40}},"190":{"start":{"line":191,"column":0},"end":{"line":191,"column":29}},"214":{"start":{"line":215,"column":0},"end":{"line":215,"column":72}},"217":{"start":{"line":218,"column":0},"end":{"line":218,"column":43}},"222":{"start":{"line":223,"column":0},"end":{"line":223,"column":33}},"223":{"start":{"line":224,"column":0},"end":{"line":224,"column":39}},"224":{"start":{"line":225,"column":0},"end":{"line":225,"column":33}},"225":{"start":{"line":226,"column":0},"end":{"line":226,"column":2}},"226":{"start":{"line":227,"column":0},"end":{"line":227,"column":4}},"228":{"start":{"line":229,"column":0},"end":{"line":229,"column":36}},"229":{"start":{"line":230,"column":0},"end":{"line":230,"column":28}},"231":{"start":{"line":232,"column":0},"end":{"line":232,"column":30}},"232":{"start":{"line":233,"column":0},"end":{"line":233,"column":71}},"234":{"start":{"line":235,"column":0},"end":{"line":235,"column":24}},"235":{"start":{"line":236,"column":0},"end":{"line":236,"column":54}},"236":{"start":{"line":237,"column":0},"end":{"line":237,"column":13}},"237":{"start":{"line":238,"column":0},"end":{"line":238,"column":5}},"239":{"start":{"line":240,"column":0},"end":{"line":240,"column":16}},"240":{"start":{"line":241,"column":0},"end":{"line":241,"column":52}},"241":{"start":{"line":242,"column":0},"end":{"line":242,"column":59}},"242":{"start":{"line":243,"column":0},"end":{"line":243,"column":58}},"243":{"start":{"line":244,"column":0},"end":{"line":244,"column":62}},"244":{"start":{"line":245,"column":0},"end":{"line":245,"column":60}},"246":{"start":{"line":247,"column":0},"end":{"line":247,"column":32}},"247":{"start":{"line":248,"column":0},"end":{"line":248,"column":59}},"248":{"start":{"line":249,"column":0},"end":{"line":249,"column":53}},"249":{"start":{"line":250,"column":0},"end":{"line":250,"column":4}},"251":{"start":{"line":252,"column":0},"end":{"line":252,"column":10}},"252":{"start":{"line":253,"column":0},"end":{"line":253,"column":12}},"253":{"start":{"line":254,"column":0},"end":{"line":254,"column":28}},"254":{"start":{"line":255,"column":0},"end":{"line":255,"column":144}},"255":{"start":{"line":256,"column":0},"end":{"line":256,"column":5}},"259":{"start":{"line":260,"column":0},"end":{"line":260,"column":2}},"261":{"start":{"line":262,"column":0},"end":{"line":262,"column":27}}},"s":{"0":1,"2":1,"3":1,"27":1,"28":4,"29":4,"30":30,"32":30,"33":30,"34":24,"35":24,"37":6,"38":6,"39":6,"40":6,"41":6,"42":6,"43":6,"44":6,"45":6,"46":6,"47":6,"48":6,"49":6,"50":6,"51":6,"52":6,"53":6,"54":6,"55":6,"56":6,"57":6,"58":6,"59":6,"60":6,"61":6,"62":6,"63":6,"64":6,"65":6,"66":6,"67":6,"68":6,"69":6,"70":6,"71":6,"72":6,"73":6,"74":6,"75":6,"76":6,"78":30,"79":30,"81":4,"82":3,"84":3,"87":3,"89":3,"90":5,"92":5,"93":10,"94":10,"95":30,"96":30,"97":30,"98":30,"99":10,"100":10,"101":10,"103":5,"104":5,"105":5,"106":5,"108":3,"110":3,"111":3,"113":4,"114":3,"116":3,"119":3,"120":3,"137":3,"138":3,"139":3,"141":4,"142":3,"158":3,"159":3,"161":4,"162":3,"164":3,"165":3,"166":3,"167":3,"168":3,"169":3,"170":3,"171":3,"172":3,"173":3,"175":3,"176":3,"177":6,"178":18,"179":18,"180":18,"181":18,"182":18,"183":18,"184":6,"186":3,"187":3,"189":4,"190":3,"214":3,"217":3,"222":3,"223":3,"224":3,"225":3,"226":3,"228":4,"229":3,"231":3,"232":3,"234":3,"235":0,"236":0,"237":0,"239":3,"240":3,"241":3,"242":3,"243":3,"244":3,"246":3,"247":3,"248":3,"249":3,"251":4,"252":4,"253":4,"254":4,"255":4,"259":4,"261":1},"branchMap":{"0":{"type":"branch","line":28,"loc":{"start":{"line":28,"column":48},"end":{"line":260,"column":2}},"locations":[{"start":{"line":28,"column":48},"end":{"line":260,"column":2}}]},"1":{"type":"branch","line":30,"loc":{"start":{"line":30,"column":23},"end":{"line":80,"column":4}},"locations":[{"start":{"line":30,"column":23},"end":{"line":80,"column":4}}]},"2":{"type":"branch","line":31,"loc":{"start":{"line":31,"column":44},"end":{"line":31,"column":59}},"locations":[{"start":{"line":31,"column":44},"end":{"line":31,"column":59}}]},"3":{"type":"branch","line":34,"loc":{"start":{"line":34,"column":26},"end":{"line":36,"column":5}},"locations":[{"start":{"line":34,"column":26},"end":{"line":36,"column":5}}]},"4":{"type":"branch","line":36,"loc":{"start":{"line":36,"column":4},"end":{"line":79,"column":33}},"locations":[{"start":{"line":36,"column":4},"end":{"line":79,"column":33}}]},"5":{"type":"branch","line":79,"loc":{"start":{"line":79,"column":29},"end":{"line":79,"column":41}},"locations":[{"start":{"line":79,"column":29},"end":{"line":79,"column":41}}]},"6":{"type":"branch","line":82,"loc":{"start":{"line":82,"column":25},"end":{"line":112,"column":4}},"locations":[{"start":{"line":82,"column":25},"end":{"line":112,"column":4}}]},"7":{"type":"branch","line":90,"loc":{"start":{"line":90,"column":19},"end":{"line":107,"column":7}},"locations":[{"start":{"line":90,"column":19},"end":{"line":107,"column":7}}]},"8":{"type":"branch","line":105,"loc":{"start":{"line":105,"column":42},"end":{"line":105,"column":56}},"locations":[{"start":{"line":105,"column":42},"end":{"line":105,"column":56}}]},"9":{"type":"branch","line":93,"loc":{"start":{"line":93,"column":20},"end":{"line":102,"column":9}},"locations":[{"start":{"line":93,"column":20},"end":{"line":102,"column":9}}]},"10":{"type":"branch","line":100,"loc":{"start":{"line":100,"column":41},"end":{"line":100,"column":55}},"locations":[{"start":{"line":100,"column":41},"end":{"line":100,"column":55}}]},"11":{"type":"branch","line":95,"loc":{"start":{"line":95,"column":20},"end":{"line":99,"column":11}},"locations":[{"start":{"line":95,"column":20},"end":{"line":99,"column":11}}]},"12":{"type":"branch","line":98,"loc":{"start":{"line":98,"column":41},"end":{"line":98,"column":56}},"locations":[{"start":{"line":98,"column":41},"end":{"line":98,"column":56}}]},"13":{"type":"branch","line":114,"loc":{"start":{"line":114,"column":25},"end":{"line":140,"column":4}},"locations":[{"start":{"line":114,"column":25},"end":{"line":140,"column":4}}]},"14":{"type":"branch","line":142,"loc":{"start":{"line":142,"column":24},"end":{"line":160,"column":4}},"locations":[{"start":{"line":142,"column":24},"end":{"line":160,"column":4}}]},"15":{"type":"branch","line":162,"loc":{"start":{"line":162,"column":27},"end":{"line":188,"column":4}},"locations":[{"start":{"line":162,"column":27},"end":{"line":188,"column":4}}]},"16":{"type":"branch","line":177,"loc":{"start":{"line":177,"column":52},"end":{"line":185,"column":5}},"locations":[{"start":{"line":177,"column":52},"end":{"line":185,"column":5}}]},"17":{"type":"branch","line":178,"loc":{"start":{"line":178,"column":57},"end":{"line":184,"column":7}},"locations":[{"start":{"line":178,"column":57},"end":{"line":184,"column":7}}]},"18":{"type":"branch","line":190,"loc":{"start":{"line":190,"column":25},"end":{"line":227,"column":4}},"locations":[{"start":{"line":190,"column":25},"end":{"line":227,"column":4}}]},"19":{"type":"branch","line":229,"loc":{"start":{"line":229,"column":23},"end":{"line":250,"column":4}},"locations":[{"start":{"line":229,"column":23},"end":{"line":250,"column":4}}]},"20":{"type":"branch","line":235,"loc":{"start":{"line":235,"column":23},"end":{"line":238,"column":5}},"locations":[{"start":{"line":235,"column":23},"end":{"line":238,"column":5}}]}},"b":{"0":[4],"1":[30],"2":[0],"3":[24],"4":[6],"5":[0],"6":[3],"7":[5],"8":[2],"9":[10],"10":[5],"11":[30],"12":[20],"13":[3],"14":[3],"15":[3],"16":[6],"17":[18],"18":[3],"19":[3],"20":[0]},"fnMap":{"0":{"name":"QMKExporter","decl":{"start":{"line":28,"column":48},"end":{"line":260,"column":2}},"loc":{"start":{"line":28,"column":48},"end":{"line":260,"column":2}},"line":28},"1":{"name":"keyToQMKCode","decl":{"start":{"line":30,"column":23},"end":{"line":80,"column":4}},"loc":{"start":{"line":30,"column":23},"end":{"line":80,"column":4}},"line":30},"2":{"name":"generateKeymap","decl":{"start":{"line":82,"column":25},"end":{"line":112,"column":4}},"loc":{"start":{"line":82,"column":25},"end":{"line":112,"column":4}},"line":82},"3":{"name":"generateConfig","decl":{"start":{"line":114,"column":25},"end":{"line":140,"column":4}},"loc":{"start":{"line":114,"column":25},"end":{"line":140,"column":4}},"line":114},"4":{"name":"generateRules","decl":{"start":{"line":142,"column":24},"end":{"line":160,"column":4}},"loc":{"start":{"line":142,"column":24},"end":{"line":160,"column":4}},"line":142},"5":{"name":"generateInfoJson","decl":{"start":{"line":162,"column":27},"end":{"line":188,"column":4}},"loc":{"start":{"line":162,"column":27},"end":{"line":188,"column":4}},"line":162},"6":{"name":"generateReadme","decl":{"start":{"line":190,"column":25},"end":{"line":227,"column":4}},"loc":{"start":{"line":190,"column":25},"end":{"line":227,"column":4}},"line":190},"7":{"name":"handleExport","decl":{"start":{"line":229,"column":23},"end":{"line":250,"column":4}},"loc":{"start":{"line":229,"column":23},"end":{"line":250,"column":4}},"line":229}},"f":{"0":4,"1":30,"2":3,"3":3,"4":3,"5":3,"6":3,"7":3}}
,"/Users/charlielees/PersonalProjects/QMKDesign/qmkdesign-frontend/src/types/KeyboardLayout.ts": {"path":"/Users/charlielees/PersonalProjects/QMKDesign/qmkdesign-frontend/src/types/KeyboardLayout.ts","all":true,"statementMap":{},"s":{},"branchMap":{"0":{"type":"branch","line":1,"loc":{"start":{"line":1,"column":174},"end":{"line":9,"column":1}},"locations":[{"start":{"line":1,"column":174},"end":{"line":9,"column":1}}]}},"b":{"0":[1]},"fnMap":{"0":{"name":"(empty-report)","decl":{"start":{"line":1,"column":174},"end":{"line":9,"column":1}},"loc":{"start":{"line":1,"column":174},"end":{"line":9,"column":1}},"line":1}},"f":{"0":1}}
}
